2026-03-20 20:25:00,165  INFO      ======================================================================
2026-03-20 20:25:00,165  INFO        MOC-FS  — Multi-Objective Clustering with Feature Sparsity
2026-03-20 20:25:00,165  INFO        CWRU Bearing Dataset | 12 kHz Drive End
2026-03-20 20:25:00,165  INFO        pymoo NSGA-II  pop=150  gen=100
2026-03-20 20:25:00,165  INFO      ======================================================================
2026-03-20 20:25:00,165  INFO      
[1] Loading CWRU dataset and extracting features…
2026-03-20 20:25:00,409  INFO        [Normal] 100_Normal_3.mat                  474 segments
2026-03-20 20:25:00,530  INFO        [Normal] 97_Normal_0.mat                   238 segments
2026-03-20 20:25:00,764  INFO        [Normal] 98_Normal_1.mat                   472 segments
2026-03-20 20:25:01,002  INFO        [Normal] 99_Normal_2.mat                   472 segments
2026-03-20 20:25:01,063  INFO        [IR]     105_0.mat                         118 segments
2026-03-20 20:25:01,123  INFO        [IR]     106_1.mat                         119 segments
2026-03-20 20:25:01,182  INFO        [IR]     107_2.mat                         119 segments
2026-03-20 20:25:01,242  INFO        [IR]     108_3.mat                         120 segments
2026-03-20 20:25:01,302  INFO        [IR]     169_0.mat                         118 segments
2026-03-20 20:25:01,361  INFO        [IR]     170_1.mat                         118 segments
2026-03-20 20:25:01,420  INFO        [IR]     171_2.mat                         118 segments
2026-03-20 20:25:01,479  INFO        [IR]     172_3.mat                         118 segments
2026-03-20 20:25:01,538  INFO        [IR]     209_0.mat                         119 segments
2026-03-20 20:25:01,597  INFO        [IR]     210_1.mat                         118 segments
2026-03-20 20:25:01,657  INFO        [IR]     211_2.mat                         118 segments
2026-03-20 20:25:01,716  INFO        [IR]     212_3.mat                         119 segments
2026-03-20 20:25:01,775  INFO        [IR]     3001_0.mat                        117 segments
2026-03-20 20:25:01,834  INFO        [IR]     3002_1.mat                        118 segments
2026-03-20 20:25:01,893  INFO        [IR]     3003_2.mat                        118 segments
2026-03-20 20:25:01,951  INFO        [IR]     3004_3.mat                        118 segments
2026-03-20 20:25:02,011  INFO        [B ]     118_0.mat                         119 segments
2026-03-20 20:25:02,070  INFO        [B ]     119_1.mat                         118 segments
2026-03-20 20:25:02,129  INFO        [B ]     120_2.mat                         118 segments
2026-03-20 20:25:02,188  INFO        [B ]     121_3.mat                         118 segments
2026-03-20 20:25:02,247  INFO        [B ]     185_0.mat                         118 segments
2026-03-20 20:25:02,307  INFO        [B ]     186_1.mat                         119 segments
2026-03-20 20:25:02,367  INFO        [B ]     187_2.mat                         119 segments
2026-03-20 20:25:02,426  INFO        [B ]     188_3.mat                         119 segments
2026-03-20 20:25:02,487  INFO        [B ]     222_0.mat                         119 segments
2026-03-20 20:25:02,546  INFO        [B ]     223_1.mat                         118 segments
2026-03-20 20:25:02,606  INFO        [B ]     224_2.mat                         119 segments
2026-03-20 20:25:02,665  INFO        [B ]     225_3.mat                         119 segments
2026-03-20 20:25:02,724  INFO        [B ]     3005_0.mat                        117 segments
2026-03-20 20:25:02,783  INFO        [B ]     3006_1.mat                        118 segments
2026-03-20 20:25:02,842  INFO        [B ]     3007_2.mat                        118 segments
2026-03-20 20:25:02,901  INFO        [B ]     3008_3.mat                        118 segments
2026-03-20 20:25:02,961  INFO        [OR]     156_0.mat                         119 segments
2026-03-20 20:25:03,020  INFO        [OR]     158_1.mat                         119 segments
2026-03-20 20:25:03,080  INFO        [OR]     159_2.mat                         119 segments
2026-03-20 20:25:03,139  INFO        [OR]     160_3.mat                         119 segments
2026-03-20 20:25:03,199  INFO        [OR]     144_0.mat                         119 segments
2026-03-20 20:25:03,258  INFO        [OR]     145_1.mat                         118 segments
2026-03-20 20:25:03,316  INFO        [OR]     146_2.mat                         118 segments
2026-03-20 20:25:03,375  INFO        [OR]     147_3.mat                         119 segments
2026-03-20 20:25:03,434  INFO        [OR]     130@6_0.mat                       119 segments
2026-03-20 20:25:03,494  INFO        [OR]     131@6_1.mat                       119 segments
2026-03-20 20:25:03,552  INFO        [OR]     132@6_2.mat                       118 segments
2026-03-20 20:25:03,611  INFO        [OR]     133@6_3.mat                       119 segments
2026-03-20 20:25:03,670  INFO        [OR]     197@6_0.mat                       118 segments
2026-03-20 20:25:03,729  INFO        [OR]     198@6_1.mat                       119 segments
2026-03-20 20:25:03,788  INFO        [OR]     199@6_2.mat                       118 segments
2026-03-20 20:25:03,847  INFO        [OR]     200@6_3.mat                       119 segments
2026-03-20 20:25:03,906  INFO        [OR]     258_0.mat                         118 segments
2026-03-20 20:25:03,965  INFO        [OR]     259_1.mat                         119 segments
2026-03-20 20:25:04,024  INFO        [OR]     260_2.mat                         119 segments
2026-03-20 20:25:04,084  INFO        [OR]     261_3.mat                         118 segments
2026-03-20 20:25:04,142  INFO        [OR]     246_0.mat                         118 segments
2026-03-20 20:25:04,202  INFO        [OR]     247_1.mat                         119 segments
2026-03-20 20:25:04,261  INFO        [OR]     248_2.mat                         119 segments
2026-03-20 20:25:04,321  INFO        [OR]     249_3.mat                         119 segments
2026-03-20 20:25:04,380  INFO        [OR]     234_0.mat                         119 segments
2026-03-20 20:25:04,439  INFO        [OR]     235_1.mat                         119 segments
2026-03-20 20:25:04,498  INFO        [OR]     236_2.mat                         119 segments
2026-03-20 20:25:04,557  INFO        [OR]     237_3.mat                         119 segments
2026-03-20 20:25:04,557  INFO      Loaded 64 files → 8767 segments × 7 raw features.
2026-03-20 20:25:04,558  INFO        Class 0 (Normal): 1656 segments
2026-03-20 20:25:04,558  INFO        Class 1 (Inner Race): 1893 segments
2026-03-20 20:25:04,558  INFO        Class 2 (Ball): 1894 segments
2026-03-20 20:25:04,558  INFO        Class 3 (Outer Race): 3324 segments
2026-03-20 20:25:04,559  INFO      Standardised feature matrix: (8767, 7)
2026-03-20 20:25:04,559  INFO      
[2] Building kNN graph (k=10)…
2026-03-20 20:25:04,743  INFO        kNN graph built in 0.18 s.
2026-03-20 20:25:04,744  INFO      
[3] Running NSGA-II optimisation…
2026-03-20 20:25:04,746  INFO        Hybrid init: KMeans-seeded (50 chromosomes)…
2026-03-20 20:25:05,752  INFO        Hybrid init: data-point seeded (50 chromosomes)…
2026-03-20 20:25:05,753  INFO        Hybrid init: pure random (50 chromosomes)…
==========================================================
n_gen  |  n_eval  | n_nds  |      eps      |   indicator  
==========================================================
     1 |      150 |     18 |             - |             -
     2 |      300 |     16 |  0.2000000000 |         ideal
     3 |      450 |     18 |  0.6157339738 |         nadir
     4 |      600 |     17 |  3.4680079216 |         nadir
     5 |      750 |     20 |  0.2500000000 |         nadir
     6 |      900 |     30 |  0.0169083308 |             f
     7 |     1050 |     24 |  0.0212868508 |             f
     8 |     1200 |     19 |  0.1456860552 |         nadir
     9 |     1350 |     20 |  0.0099250114 |             f
    10 |     1500 |     27 |  3.0000000000 |         nadir
    11 |     1650 |     26 |  0.5000000000 |         nadir
    12 |     1800 |     27 |  0.0043350561 |             f
    13 |     1950 |     21 |  0.0041900630 |         ideal
    14 |     2100 |     23 |  0.0176265386 |             f
    15 |     2250 |     24 |  0.000000E+00 |             f
    16 |     2400 |     16 |  1.0858591355 |         nadir
    17 |     2550 |     20 |  0.0217000098 |         ideal
    18 |     2700 |     22 |  0.0059225568 |             f
    19 |     2850 |     25 |  0.0192453118 |             f
    20 |     3000 |     27 |  0.0059838183 |         ideal
    21 |     3150 |     25 |  0.3333333333 |         nadir
    22 |     3300 |     19 |  0.0057080381 |         ideal
    23 |     3450 |     19 |  0.0030646300 |             f
    24 |     3600 |     19 |  0.0190606419 |             f
    25 |     3750 |     22 |  0.0084982346 |             f
    26 |     3900 |     27 |  0.0039918715 |             f
    27 |     4050 |     22 |  0.0069929720 |             f
    28 |     4200 |     28 |  0.0267056820 |         ideal
    29 |     4350 |     35 |  0.0019631241 |             f
    30 |     4500 |     39 |  0.0045854206 |             f
    31 |     4650 |     46 |  0.0038754352 |             f
    32 |     4800 |     49 |  0.0021271282 |             f
    33 |     4950 |     56 |  0.0309915920 |         nadir
    34 |     5100 |     46 |  0.0022480965 |             f
    35 |     5250 |     41 |  0.0035563410 |             f
    36 |     5400 |     42 |  0.0026479169 |             f
    37 |     5550 |     43 |  0.0001944056 |             f
    38 |     5700 |     46 |  0.0003503440 |             f
    39 |     5850 |     50 |  0.0055051050 |             f
    40 |     6000 |     52 |  0.0010426087 |             f
    41 |     6150 |     54 |  0.0011604919 |             f
    42 |     6300 |     54 |  0.0012005362 |             f
    43 |     6450 |     57 |  0.0026033975 |             f
    44 |     6600 |     60 |  0.0002179462 |             f
    45 |     6750 |     59 |  0.0044576948 |         nadir
    46 |     6900 |     61 |  0.0002167436 |             f
    47 |     7050 |     67 |  0.0005880380 |             f
    48 |     7200 |     70 |  0.0021043025 |             f
    49 |     7350 |     70 |  0.0102871757 |         ideal
    50 |     7500 |     72 |  0.0007188641 |             f
    51 |     7650 |     79 |  0.0012855536 |             f
    52 |     7800 |     85 |  0.0017279142 |             f
    53 |     7950 |     92 |  0.0021066932 |             f
    54 |     8100 |     99 |  0.0024139250 |             f
    55 |     8250 |     98 |  0.0304310468 |         nadir
    56 |     8400 |     94 |  0.0006760928 |             f
    57 |     8550 |     96 |  0.0015676671 |             f
    58 |     8700 |    105 |  0.0031774847 |             f
    59 |     8850 |    108 |  0.0007734302 |             f
    60 |     9000 |    112 |  0.0011272152 |             f
    61 |     9150 |    117 |  0.0015621424 |             f
    62 |     9300 |    125 |  0.0018495550 |             f
    63 |     9450 |    132 |  0.0072286867 |         nadir
    64 |     9600 |    128 |  0.0004246042 |             f
    65 |     9750 |    135 |  0.0007856225 |             f
    66 |     9900 |    144 |  0.0009132376 |             f
    67 |    10050 |    135 |  0.0013108166 |             f
    68 |    10200 |    143 |  0.0290600667 |         nadir
    69 |    10350 |    147 |  0.0003002048 |             f
    70 |    10500 |    150 |  0.0053246663 |         nadir
    71 |    10650 |    150 |  0.0000186443 |             f
    72 |    10800 |    149 |  0.0032083534 |         ideal
    73 |    10950 |    150 |  0.0000724091 |             f
    74 |    11100 |    150 |  0.0002530623 |             f
    75 |    11250 |    150 |  0.0002612930 |             f
    76 |    11400 |    150 |  0.0003598365 |             f
    77 |    11550 |    149 |  0.0004378440 |             f
    78 |    11700 |    150 |  0.0011073733 |             f
    79 |    11850 |    150 |  0.0564032915 |         nadir
    80 |    12000 |    150 |  0.0000372705 |             f
    81 |    12150 |    143 |  0.0002014038 |             f
    82 |    12300 |    145 |  0.0002323162 |             f
    83 |    12450 |    150 |  0.0002989129 |             f
    84 |    12600 |    150 |  0.0005632035 |             f
    85 |    12750 |    150 |  0.0008270520 |             f
    86 |    12900 |    150 |  0.0010049390 |             f
    87 |    13050 |    150 |  0.0014473032 |             f
    88 |    13200 |    150 |  0.0022182854 |             f
    89 |    13350 |    142 |  0.0111521985 |         nadir
    90 |    13500 |    150 |  0.0003239388 |             f
    91 |    13650 |    150 |  0.0004267981 |             f
    92 |    13800 |    150 |  0.0008347847 |             f
    93 |    13950 |    150 |  0.0020919017 |             f
    94 |    14100 |    150 |  0.0038714285 |             f
    95 |    14250 |    150 |  0.0000627037 |             f
    96 |    14400 |    150 |  0.0000719801 |             f
    97 |    14550 |    150 |  0.0001111606 |             f
    98 |    14700 |    150 |  0.0001845070 |             f
    99 |    14850 |    150 |  0.0003988602 |             f
   100 |    15000 |    150 |  0.0005620248 |             f
2026-03-20 20:25:20,063  INFO      Optimisation finished in 15.3 s (0.3 min).
2026-03-20 20:25:20,063  INFO      
[4] Analysing Pareto front…
2026-03-20 20:25:20,063  INFO        Pareto-optimal solutions : 150
2026-03-20 20:25:20,063  INFO        f1 Compactness   : [0.0061, 0.1386]
2026-03-20 20:25:20,063  INFO        f2 Connectedness : [0.0000, 0.1428]
2026-03-20 20:25:20,063  INFO        f3 Simplicity    : [1.0, 3.0]
2026-03-20 20:25:20,063  INFO        Knee point [idx=95]: K=9, active=['Std Dev']
2026-03-20 20:25:20,063  INFO      
[5] Computing ARI / Silhouette for all 150 Pareto solutions…
2026-03-20 20:25:49,909  INFO        ARI   — mean 0.1137 | max 0.3014 | knee 0.0323
2026-03-20 20:25:49,909  INFO        Sil   — mean 0.6714 | max 0.8288 | knee 0.6677
2026-03-20 20:25:49,909  INFO      
  'Simple'  solution [idx=5]: K=4, n_feat=2, ARI=0.3014, active=['RMS', 'Spectral Centroid']
2026-03-20 20:25:49,910  INFO        'Compact' solution [idx=1]: K=8, n_feat=1, ARI=0.2473, active=['Spectral Centroid']
2026-03-20 20:25:49,910  INFO      
[6] Generating visualisations…
2026-03-20 20:25:50,116  INFO        Saved: moc_results/01_pareto_3d.png
2026-03-20 20:25:50,234  INFO        Saved: moc_results/02_feature_importance.png
2026-03-20 20:25:50,624  INFO        Saved: moc_results/03_cluster_map_simple_pca.png
2026-03-20 20:25:55,507  INFO        Saved: moc_results/04_cluster_map_compact_tsne.png
2026-03-20 20:25:55,647  INFO        Saved: moc_results/05_decision_advantage.png
2026-03-20 20:25:55,648  INFO        Summary saved: moc_results/summary.json
2026-03-20 20:25:55,648  INFO      
======================================================================
2026-03-20 20:25:55,648  INFO        FINAL RESULTS
2026-03-20 20:25:55,648  INFO      ======================================================================
2026-03-20 20:25:55,648  INFO        Segments  : 8767 × 7 features
2026-03-20 20:25:55,648  INFO        Pareto    : 150 solutions
2026-03-20 20:25:55,648  INFO        Best ARI  : 0.3014
2026-03-20 20:25:55,648  INFO        Best Sil  : 0.8288
2026-03-20 20:25:55,648  INFO        Knee ARI  : 0.0323  active=['Std Dev']
2026-03-20 20:25:55,648  INFO      
2026-03-20 20:25:55,648  INFO        DECISION-MAKING ADVANTAGE
2026-03-20 20:25:55,648  INFO        ┌─────────────────────────────────────────────────────────
2026-03-20 20:25:55,648  INFO        │  Simple  (2 feat)  ARI=0.3014  → ['RMS', 'Spectral Centroid']
2026-03-20 20:25:55,648  INFO        │  Use for: low-cost sensor deployments, edge devices
2026-03-20 20:25:55,648  INFO        ├─────────────────────────────────────────────────────────
2026-03-20 20:25:55,648  INFO        │  Compact (1 feat)  ARI=0.2473  → ['Spectral Centroid']
2026-03-20 20:25:55,648  INFO        │  Use for: deep root-cause analysis, full-sensor rigs
2026-03-20 20:25:55,648  INFO        └─────────────────────────────────────────────────────────
2026-03-20 20:25:55,648  INFO        Total runtime : 55.5 s (0.9 min)
2026-03-20 20:25:55,648  INFO        Results dir   : /root/moc_results
2026-03-20 20:25:55,648  INFO      ======================================================================
